<?xml version="1.0" encoding="UTF-8"?>
<!-- Generated by org.testng.reporters.JUnitXMLReporter -->
<testsuite hostname="CHL114788" name="Test1" tests="2" failures="2" timestamp="13 Nov 2017 11:06:49 GMT" time="111.841" errors="0">
  <testcase name="feature" time="54.998" classname="com.example.Parallel01IT">
    <failure type="cucumber.runtime.CucumberException" message="java.lang.IllegalArgumentException: @$Proxy19: one of [uiAutomator, accessibility, className, id, tagName, name, xpath, linkText, partialLinkText] should be filled">
      <![CDATA[cucumber.runtime.CucumberException: java.lang.IllegalArgumentException: @$Proxy19: one of [uiAutomator, accessibility, className, id, tagName, name, xpath, linkText, partialLinkText] should be filled
	at cucumber.api.testng.TestNGCucumberRunner.runCucumber(TestNGCucumberRunner.java:69)
	at cucumber.api.testng.AbstractTestNGCucumberTests.feature(AbstractTestNGCucumberTests.java:21)
	at java.util.concurrent.ThreadPoolExecutor.runWorker(ThreadPoolExecutor.java:1142)
	at java.util.concurrent.ThreadPoolExecutor$Worker.run(ThreadPoolExecutor.java:617)
	at java.lang.Thread.run(Thread.java:748)
Caused by: java.lang.IllegalArgumentException: @$Proxy19: one of [uiAutomator, accessibility, className, id, tagName, name, xpath, linkText, partialLinkText] should be filled
	at io.appium.java_client.pagefactory.bys.builder.AppiumByBuilder.getFilledValue(AppiumByBuilder.java:105)
	at io.appium.java_client.pagefactory.bys.builder.AppiumByBuilder.createBy(AppiumByBuilder.java:145)
	at io.appium.java_client.pagefactory.DefaultElementByBuilder.buildMobileNativeBy(DefaultElementByBuilder.java:137)
	at io.appium.java_client.pagefactory.DefaultElementByBuilder.buildBy(DefaultElementByBuilder.java:186)
	at io.appium.java_client.pagefactory.AppiumElementLocatorFactory.createLocator(AppiumElementLocatorFactory.java:57)
	at io.appium.java_client.pagefactory.AppiumElementLocatorFactory.createLocator(AppiumElementLocatorFactory.java:44)
	at io.appium.java_client.pagefactory.AppiumElementLocatorFactory.createLocator(AppiumElementLocatorFactory.java:1)
	at org.openqa.selenium.support.pagefactory.DefaultFieldDecorator.decorate(DefaultFieldDecorator.java:56)
	at io.appium.java_client.pagefactory.AppiumFieldDecorator.decorate(AppiumFieldDecorator.java:172)
	at org.openqa.selenium.support.PageFactory.proxyFields(PageFactory.java:113)
	at org.openqa.selenium.support.PageFactory.initElements(PageFactory.java:105)
	at ParallelExecutionFiles.PageFactoryConstants.<init>(PageFactoryConstants.java:17)
	at ParallelExecutionFiles.WordpressStepdefinition.i_launch_the_Basspro_application_or_wordpress_url(WordpressStepdefinition.java:37)
	at ✽.Given I launch the Basspro application or Wordpress Url(C:/Users/muralikrishnan_g/Parallel testing/GlobalBrands/src/test/resources/Features/botanicsPhase1/WordpressDemo.feature:24)
... Removed 10 stack frames]]>
    </failure>
  </testcase> <!-- feature -->
  <testcase name="feature" time="55.568" classname="com.example.Parallel02IT">
    <failure type="cucumber.runtime.CucumberException" message="java.lang.IllegalArgumentException: @$Proxy19: one of [uiAutomator, accessibility, className, id, tagName, name, xpath, linkText, partialLinkText] should be filled">
      <![CDATA[cucumber.runtime.CucumberException: java.lang.IllegalArgumentException: @$Proxy19: one of [uiAutomator, accessibility, className, id, tagName, name, xpath, linkText, partialLinkText] should be filled
	at cucumber.api.testng.TestNGCucumberRunner.runCucumber(TestNGCucumberRunner.java:69)
	at cucumber.api.testng.AbstractTestNGCucumberTests.feature(AbstractTestNGCucumberTests.java:21)
	at java.util.concurrent.ThreadPoolExecutor.runWorker(ThreadPoolExecutor.java:1142)
	at java.util.concurrent.ThreadPoolExecutor$Worker.run(ThreadPoolExecutor.java:617)
	at java.lang.Thread.run(Thread.java:748)
Caused by: java.lang.IllegalArgumentException: @$Proxy19: one of [uiAutomator, accessibility, className, id, tagName, name, xpath, linkText, partialLinkText] should be filled
	at io.appium.java_client.pagefactory.bys.builder.AppiumByBuilder.getFilledValue(AppiumByBuilder.java:105)
	at io.appium.java_client.pagefactory.bys.builder.AppiumByBuilder.createBy(AppiumByBuilder.java:145)
	at io.appium.java_client.pagefactory.DefaultElementByBuilder.buildMobileNativeBy(DefaultElementByBuilder.java:137)
	at io.appium.java_client.pagefactory.DefaultElementByBuilder.buildBy(DefaultElementByBuilder.java:186)
	at io.appium.java_client.pagefactory.AppiumElementLocatorFactory.createLocator(AppiumElementLocatorFactory.java:57)
	at io.appium.java_client.pagefactory.AppiumElementLocatorFactory.createLocator(AppiumElementLocatorFactory.java:44)
	at io.appium.java_client.pagefactory.AppiumElementLocatorFactory.createLocator(AppiumElementLocatorFactory.java:1)
	at org.openqa.selenium.support.pagefactory.DefaultFieldDecorator.decorate(DefaultFieldDecorator.java:56)
	at io.appium.java_client.pagefactory.AppiumFieldDecorator.decorate(AppiumFieldDecorator.java:172)
	at org.openqa.selenium.support.PageFactory.proxyFields(PageFactory.java:113)
	at org.openqa.selenium.support.PageFactory.initElements(PageFactory.java:105)
	at ParallelExecutionFiles.PageFactoryConstants.<init>(PageFactoryConstants.java:17)
	at ParallelExecutionFiles.WordpressStepdefinition.i_launch_the_Basspro_application_or_wordpress_url(WordpressStepdefinition.java:37)
	at ✽.Given I launch the Basspro application or Wordpress Url(C:/Users/muralikrishnan_g/Parallel testing/GlobalBrands/src/test/resources/Features/botanicsPhase1/WordpressDemo.feature:24)
... Removed 10 stack frames]]>
    </failure>
  </testcase> <!-- feature -->
</testsuite> <!-- Test1 -->
