<?xml version="1.0" encoding="UTF-8"?>
<!-- Generated by org.testng.reporters.JUnitXMLReporter -->
<testsuite hostname="CHL114788" name="Test" tests="2" failures="1" timestamp="7 Nov 2017 08:57:53 GMT" time="54.651" errors="0">
  <testcase name="feature" time="25.964" classname="com.example.Parallel02IT">
    <failure type="cucumber.runtime.CucumberException" message="java.lang.NullPointerException">
      <![CDATA[cucumber.runtime.CucumberException: java.lang.NullPointerException
	at cucumber.api.testng.TestNGCucumberRunner.runCucumber(TestNGCucumberRunner.java:69)
	at cucumber.api.testng.AbstractTestNGCucumberTests.feature(AbstractTestNGCucumberTests.java:21)
	at java.util.concurrent.ThreadPoolExecutor.runWorker(ThreadPoolExecutor.java:1142)
	at java.util.concurrent.ThreadPoolExecutor$Worker.run(ThreadPoolExecutor.java:617)
	at java.lang.Thread.run(Thread.java:748)
Caused by: java.lang.NullPointerException
	at botanicsStepdefinition.BotanicsSmokeTests.user_seach_for_keyword_fishing(BotanicsSmokeTests.java:392)
	at ✽.Then user seach for Keyword Fishing(C:/Users/muralikrishnan_g/Parallel testing/GlobalBrands/src/test/resources/Features/botanicsPhase1/ApplicationParallel.feature:32)
... Removed 10 stack frames]]>
    </failure>
  </testcase> <!-- feature -->
  <testcase name="feature" time="53.823" classname="com.example.Parallel01IT"/>
</testsuite> <!-- Test -->
