<?xml version="1.0" encoding="UTF-8"?>
<testng-results skipped="0" failed="0" total="1" passed="1">
  <reporter-output>
  </reporter-output>
  <suite name="Surefire suite" duration-ms="245582" started-at="2017-12-07T17:14:11Z" finished-at="2017-12-07T17:18:16Z">
    <groups>
    </groups>
    <test name="Surefire test" duration-ms="245582" started-at="2017-12-07T17:14:11Z" finished-at="2017-12-07T17:18:16Z">
      <class name="cukesrunner.RunnerCukes">
        <test-method status="PASS" signature="testCukesRunner()[pri:0, instance:testCukesRunner(cukesrunner.RunnerCukes)]" name="testCukesRunner" duration-ms="245483" started-at="2017-12-07T22:44:11Z" finished-at="2017-12-07T22:48:16Z">
          <reporter-output>
          </reporter-output>
        </test-method> <!-- testCukesRunner -->
      </class> <!-- cukesrunner.RunnerCukes -->
    </test> <!-- Surefire test -->
  </suite> <!-- Surefire suite -->
</testng-results>
