<?xml version="1.0" encoding="UTF-8"?>
<testng-results ignored="0" total="1" passed="1" failed="0" skipped="0">
  <reporter-output>
  </reporter-output>
  <suite started-at="2020-05-13T10:22:09 CDT" name="Surefire suite" finished-at="2020-05-13T10:27:00 CDT" duration-ms="291769">
    <groups>
    </groups>
    <test started-at="2020-05-13T10:22:09 CDT" name="Surefire test" finished-at="2020-05-13T10:27:00 CDT" duration-ms="291769">
      <class name="cukesrunner.RunnerCukes">
        <test-method signature="testCukesRunner() throws java.lang.Exception" started-at="2020-05-13T10:22:09 CDT" name="testCukesRunner" finished-at="2020-05-13T10:27:00 CDT" duration-ms="291301" status="PASS">
          <reporter-output>
          </reporter-output>
        </test-method> <!-- testCukesRunner -->
      </class> <!-- cukesrunner.RunnerCukes -->
    </test> <!-- Surefire test -->
  </suite> <!-- Surefire suite -->
</testng-results>
